<?xml version="1.0" encoding="UTF-8"?>
<testng-results skipped="0" failed="0" ignored="0" total="1" passed="1">
  <reporter-output>
  </reporter-output>
  <suite name="Default suite" duration-ms="10143" started-at="2019-10-15T02:46:20Z" finished-at="2019-10-15T02:46:30Z">
    <groups>
    </groups>
    <test name="Default test" duration-ms="10143" started-at="2019-10-15T02:46:20Z" finished-at="2019-10-15T02:46:30Z">
      <class name="demo1.Login_Test">
        <test-method status="PASS" signature="beforeMethod()[pri:0, instance:demo1.Login_Test@224edc67]" name="beforeMethod" is-config="true" duration-ms="6991" started-at="2019-10-15T02:46:20Z" finished-at="2019-10-15T02:46:27Z">
          <reporter-output>
          </reporter-output>
        </test-method> <!-- beforeMethod -->
        <test-method status="PASS" signature="Search()[pri:0, instance:demo1.Login_Test@224edc67]" name="Search" duration-ms="680" started-at="2019-10-15T02:46:27Z" finished-at="2019-10-15T02:46:27Z">
          <reporter-output>
          </reporter-output>
        </test-method> <!-- Search -->
        <test-method status="PASS" signature="afterMethod()[pri:0, instance:demo1.Login_Test@224edc67]" name="afterMethod" is-config="true" duration-ms="2419" started-at="2019-10-15T02:46:27Z" finished-at="2019-10-15T02:46:30Z">
          <reporter-output>
          </reporter-output>
        </test-method> <!-- afterMethod -->
      </class> <!-- demo1.Login_Test -->
    </test> <!-- Default test -->
  </suite> <!-- Default suite -->
</testng-results>
